<?xml version="1.0" encoding="UTF-8"?>
<testng-results ignored="0" total="2" passed="2" failed="0" skipped="0">
  <reporter-output>
  </reporter-output>
  <suite started-at="2024-11-07T00:50:01 IST" name="Suite" finished-at="2024-11-07T00:50:21 IST" duration-ms="20435">
    <groups>
      <group name="Master">
        <method signature="TC_002_GetDiagnosticsCenterCityName.ValidatingSurgeriPage()[pri:1, instance:testCase.TC_002_GetDiagnosticsCenterCityName@1a6d8329]" name="ValidatingSurgeriPage" class="testCase.TC_002_GetDiagnosticsCenterCityName"/>
        <method signature="TC_002_GetDiagnosticsCenterCityName.getMainCityNamesofDiagnosticsCenter()[pri:2, instance:testCase.TC_002_GetDiagnosticsCenterCityName@1a6d8329]" name="getMainCityNamesofDiagnosticsCenter" class="testCase.TC_002_GetDiagnosticsCenterCityName"/>
      </group> <!-- Master -->
      <group name="Sanity">
        <method signature="TC_002_GetDiagnosticsCenterCityName.ValidatingSurgeriPage()[pri:1, instance:testCase.TC_002_GetDiagnosticsCenterCityName@1a6d8329]" name="ValidatingSurgeriPage" class="testCase.TC_002_GetDiagnosticsCenterCityName"/>
        <method signature="TC_002_GetDiagnosticsCenterCityName.getMainCityNamesofDiagnosticsCenter()[pri:2, instance:testCase.TC_002_GetDiagnosticsCenterCityName@1a6d8329]" name="getMainCityNamesofDiagnosticsCenter" class="testCase.TC_002_GetDiagnosticsCenterCityName"/>
      </group> <!-- Sanity -->
      <group name="Regression">
        <method signature="TC_002_GetDiagnosticsCenterCityName.ValidatingSurgeriPage()[pri:1, instance:testCase.TC_002_GetDiagnosticsCenterCityName@1a6d8329]" name="ValidatingSurgeriPage" class="testCase.TC_002_GetDiagnosticsCenterCityName"/>
        <method signature="TC_002_GetDiagnosticsCenterCityName.getMainCityNamesofDiagnosticsCenter()[pri:2, instance:testCase.TC_002_GetDiagnosticsCenterCityName@1a6d8329]" name="getMainCityNamesofDiagnosticsCenter" class="testCase.TC_002_GetDiagnosticsCenterCityName"/>
      </group> <!-- Regression -->
    </groups>
    <test started-at="2024-11-07T00:50:01 IST" name="Test" finished-at="2024-11-07T00:50:21 IST" duration-ms="20435">
      <class name="testCase.TC_002_GetDiagnosticsCenterCityName">
        <test-method is-config="true" signature="getDriver(java.lang.String)[pri:0, instance:testCase.TC_002_GetDiagnosticsCenterCityName@1a6d8329]" started-at="2024-11-07T00:50:01 IST" name="getDriver" finished-at="2024-11-07T00:50:08 IST" duration-ms="6614" status="PASS">
          <params>
            <param index="0">
              <value>
                <![CDATA[chrome]]>
              </value>
            </param>
          </params>
          <reporter-output>
          </reporter-output>
        </test-method> <!-- getDriver -->
        <test-method signature="ValidatingSurgeriPage()[pri:1, instance:testCase.TC_002_GetDiagnosticsCenterCityName@1a6d8329]" started-at="2024-11-07T00:50:08 IST" name="ValidatingSurgeriPage" finished-at="2024-11-07T00:50:09 IST" duration-ms="809" status="PASS">
          <reporter-output>
          </reporter-output>
        </test-method> <!-- ValidatingSurgeriPage -->
        <test-method signature="getMainCityNamesofDiagnosticsCenter()[pri:2, instance:testCase.TC_002_GetDiagnosticsCenterCityName@1a6d8329]" started-at="2024-11-07T00:50:09 IST" name="getMainCityNamesofDiagnosticsCenter" finished-at="2024-11-07T00:50:14 IST" duration-ms="5222" status="PASS">
          <reporter-output>
          </reporter-output>
        </test-method> <!-- getMainCityNamesofDiagnosticsCenter -->
        <test-method is-config="true" signature="tearDown()[pri:0, instance:testCase.TC_002_GetDiagnosticsCenterCityName@1a6d8329]" started-at="2024-11-07T00:50:14 IST" name="tearDown" finished-at="2024-11-07T00:50:21 IST" duration-ms="7434" status="PASS">
          <reporter-output>
          </reporter-output>
        </test-method> <!-- tearDown -->
      </class> <!-- testCase.TC_002_GetDiagnosticsCenterCityName -->
    </test> <!-- Test -->
  </suite> <!-- Suite -->
</testng-results>
